<?xml version="1.0" encoding="UTF-8"?>
<!-- Generated by org.testng.reporters.JUnitXMLReporter -->
<testsuite ignored="0" hostname="LAPTOP-LVGKT8ME" failures="0" tests="5" name="Default test" time="0.068" errors="0" timestamp="2023-03-12T11:56:49 IST">
  <testcase classname="TestVagrant.com.test.TestVagrant_TestCase" name="testCase1" time="0.011"/>
  <testcase classname="TestVagrant.com.test.TestVagrant_TestCase" name="testCase2" time="0.001"/>
  <testcase classname="TestVagrant.com.test.TestVagrant_TestCase" name="testCase3" time="0.001"/>
  <testcase classname="TestVagrant.com.test.TestVagrant_TestCase" name="testCase4" time="0.001"/>
  <testcase classname="TestVagrant.com.test.TestVagrant_TestCase" name="testCase5" time="0.001"/>
</testsuite> <!-- Default test -->
